Determining if the pthread_create exist failed with the following output:
Change Dir: /home/robot/catkin_ws/src/icarus_rover_v2/simulation/build/CMakeFiles/CMakeTmp

Run Build Command:"/usr/bin/make" "cmTC_f192a/fast"
/usr/bin/make -f CMakeFiles/cmTC_f192a.dir/build.make CMakeFiles/cmTC_f192a.dir/build
make[1]: Entering directory '/home/robot/catkin_ws/src/icarus_rover_v2/simulation/build/CMakeFiles/CMakeTmp'
Building C object CMakeFiles/cmTC_f192a.dir/CheckSymbolExists.c.o
/usr/bin/cc     -o CMakeFiles/cmTC_f192a.dir/CheckSymbolExists.c.o   -c /home/robot/catkin_ws/src/icarus_rover_v2/simulation/build/CMakeFiles/CMakeTmp/CheckSymbolExists.c
Linking C executable cmTC_f192a
/usr/bin/cmake -E cmake_link_script CMakeFiles/cmTC_f192a.dir/link.txt --verbose=1
/usr/bin/cc       CMakeFiles/cmTC_f192a.dir/CheckSymbolExists.c.o  -o cmTC_f192a -rdynamic 
CMakeFiles/cmTC_f192a.dir/CheckSymbolExists.c.o: In function `main':
CheckSymbolExists.c:(.text+0x16): undefined reference to `pthread_create'
collect2: error: ld returned 1 exit status
CMakeFiles/cmTC_f192a.dir/build.make:97: recipe for target 'cmTC_f192a' failed
make[1]: *** [cmTC_f192a] Error 1
make[1]: Leaving directory '/home/robot/catkin_ws/src/icarus_rover_v2/simulation/build/CMakeFiles/CMakeTmp'
Makefile:126: recipe for target 'cmTC_f192a/fast' failed
make: *** [cmTC_f192a/fast] Error 2

File /home/robot/catkin_ws/src/icarus_rover_v2/simulation/build/CMakeFiles/CMakeTmp/CheckSymbolExists.c:
/* */
#include <pthread.h>

int main(int argc, char** argv)
{
  (void)argv;
#ifndef pthread_create
  return ((int*)(&pthread_create))[argc];
#else
  (void)argc;
  return 0;
#endif
}

Determining if the function pthread_create exists in the pthreads failed with the following output:
Change Dir: /home/robot/catkin_ws/src/icarus_rover_v2/simulation/build/CMakeFiles/CMakeTmp

Run Build Command:"/usr/bin/make" "cmTC_593f7/fast"
/usr/bin/make -f CMakeFiles/cmTC_593f7.dir/build.make CMakeFiles/cmTC_593f7.dir/build
make[1]: Entering directory '/home/robot/catkin_ws/src/icarus_rover_v2/simulation/build/CMakeFiles/CMakeTmp'
Building C object CMakeFiles/cmTC_593f7.dir/CheckFunctionExists.c.o
/usr/bin/cc    -DCHECK_FUNCTION_EXISTS=pthread_create   -o CMakeFiles/cmTC_593f7.dir/CheckFunctionExists.c.o   -c /usr/share/cmake-3.5/Modules/CheckFunctionExists.c
Linking C executable cmTC_593f7
/usr/bin/cmake -E cmake_link_script CMakeFiles/cmTC_593f7.dir/link.txt --verbose=1
/usr/bin/cc   -DCHECK_FUNCTION_EXISTS=pthread_create    CMakeFiles/cmTC_593f7.dir/CheckFunctionExists.c.o  -o cmTC_593f7 -rdynamic -lpthreads 
/usr/bin/ld: cannot find -lpthreads
collect2: error: ld returned 1 exit status
CMakeFiles/cmTC_593f7.dir/build.make:97: recipe for target 'cmTC_593f7' failed
make[1]: *** [cmTC_593f7] Error 1
make[1]: Leaving directory '/home/robot/catkin_ws/src/icarus_rover_v2/simulation/build/CMakeFiles/CMakeTmp'
Makefile:126: recipe for target 'cmTC_593f7/fast' failed
make: *** [cmTC_593f7/fast] Error 2


